


ARM Macro Assembler    Page 1 


    1 00000000         ;; RD BV - Evalbot (Cortex M3 de Texas Instrument);
    2 00000000         ;; Program to manage config of the BUMPER
    3 00000000         
    4 00000000         ; This register controls the clock gating logic in norma
                       l Run mode
    5 00000000 400FE108 
                       SYSCTL_PERIPH_GPIO
                               EQU              0x400FE108  ; SYSCTL_RCGC2_R (p
                                                            291 datasheet de lm
                                                            3s9b92.pdf)
    6 00000000         
    7 00000000         ; To use the pin as a digital input or output, the corre
                       sponding GPIODEN bit must be set.
    8 00000000 0000051C 
                       GPIO_O_DEN
                               EQU              0x0000051C  ; GPIO Digital Enab
                                                            le (p437 of datashe
                                                            et lm3s9B92.pdf)
    9 00000000         
   10 00000000         ; Pull_up
   11 00000000 00000510 
                       GPIO_I_PUR
                               EQU              0x00000510  ; GPIO Pull-Up Sele
                                                            ct  (p432 of datash
                                                            eet lm3s9B92.pdf)
   12 00000000         
   13 00000000         ; The GPIODATA register is the data register
   14 00000000 40024000 
                       GPIO_PORT_E_BASE
                               EQU              0x40024000  ; GPIO Port E (APB)
                                                             base: 0x4002.4000 
                                                            (p416 datasheet of 
                                                            lm3s9B92.pdf)
   15 00000000         
   16 00000000 00000002 
                       BROCHE_E_1
                               EQU              0x02        ; Bumper Left
   17 00000000         
   18 00000000 00000001 
                       BROCHE_E_0
                               EQU              0x01        ; Bumper Right
   19 00000000         
   20 00000000 00000003 
                       BROCHE_E_0_1
                               EQU              0x03        ; Bumper Right/Righ
                                                            t
   21 00000000         
   22 00000000         
   23 00000000                 AREA             _CONFIG_BUMPER_, CODE, READONLY
   24 00000000                 ENTRY
   25 00000000         
   26 00000000                 EXPORT           __CONFIG_BUMPER
   27 00000000                 EXPORT           __READ_STATE_BUMPER_1
   28 00000000                 EXPORT           __READ_STATE_BUMPER_2
   29 00000000         
   30 00000000         ;----------------------------------------START BUMPER CO
                       NFIGURATION---------------------------------------------
                       ---;
   31 00000000         __CONFIG_BUMPER



ARM Macro Assembler    Page 2 


   32 00000000         ; ;; Enable the Port E peripheral clock  (p291 datasheet
                        in lm3s9B96.pdf)
   33 00000000         ; ;;
   34 00000000 4E12            LDR              R6, = SYSCTL_PERIPH_GPIO 
                                                            ;; RCGC2
   35 00000002 6830            LDR              R0, [R6]
   36 00000004 F040 0010       ORR              R0, R0, #0x10 ;; Enable clock o
                                                            n GPIO E (0x10 == 0
                                                            b0001 0000) where B
                                                            UMPER were connecte
                                                            d on (0x03 == 0b000
                                                            0 0011)
   37 00000008         ; ;;                 (GPIO::HGFE DCBA)
   38 00000008 6030            STR              R0, [R6]
   39 0000000A         
   40 0000000A         ; ;; "There must be a delay of 3 system clocks before an
                       y GPIO reg. access  (p413 datasheet de lm3s9B92.pdf)
   41 0000000A BF00            NOP
   42 0000000C BF00            NOP
   43 0000000E BF00            NOP
   44 00000010 4E0F            LDR              R6, = GPIO_PORT_E_BASE+GPIO_I_P
UR 
                                                            ;; PULL_UP
   45 00000012 F04F 0003       LDR              R0, = BROCHE_E_0_1
   46 00000016 6030            STR              R0, [R6]
   47 00000018         
   48 00000018 4E0E            LDR              R6, = GPIO_PORT_E_BASE+GPIO_O_D
EN 
                                                            ;; ENABLE DIGITAL F
                                                            UNCTION
   49 0000001A 6830            LDR              R0, [R6]
   50 0000001C F040 0003       ORR              R0, R0, #BROCHE_E_0_1
   51 00000020 6030            STR              R0, [R6]
   52 00000022         
   53 00000022 4770            BX               LR
   54 00000024         
   55 00000024         ;----------------------------------------END BUMPER CONF
                       IGURATION-----------------------------------------------
                       -;
   56 00000024         
   57 00000024         
   58 00000024         ;----------------------------------------READ STATE OF B
                       UMPER LEFT----------------------------------------------
                       --;
   59 00000024         __READ_STATE_BUMPER_1
   60 00000024 E92D 4500       PUSH             { R8, R10, LR }
   61 00000028 F8DF 802C       LDR              R8, = GPIO_PORT_E_BASE + (BROCH
E_E_1<<2) 
                                                            ;; @data Register =
                                                             @base + (mask<<2) 
                                                            ==> Bumper Left
   62 0000002C F8D8 A000       LDR              R10, [R8]
   63 00000030 F1BA 0F00       CMP              R10, #0x00
   64 00000034 E8BD 8500       POP              { R8, R10, PC }
   65 00000038         
   66 00000038         ;----------------------------------------READ STATE OF B
                       UMPER RIGHT---------------------------------------------
                       ---;
   67 00000038         __READ_STATE_BUMPER_2



ARM Macro Assembler    Page 3 


   68 00000038 E92D 4600       PUSH             { R9, R10, LR }
   69 0000003C F8DF 901C       LDR              R9, = GPIO_PORT_E_BASE + (BROCH
E_E_0<<2) 
                                                            ;; @data Register =
                                                             @base + (mask<<2) 
                                                            ==> Bumper Right
   70 00000040 F8D9 A000       LDR              R10, [R9]
   71 00000044 F1BA 0F00       CMP              R10, #0x00
   72 00000048 E8BD 8300       POP              { R8, R9, PC }
   73 0000004C         
   74 0000004C                 END
              400FE108 
              40024510 
              4002451C 
              40024008 
              40024004 
Command Line: --debug --xref --diag_suppress=9931 --cpu=Cortex-M3 --apcs=interw
ork --depend=.\objects\rd_bv_config_bumper.d -o.\objects\rd_bv_config_bumper.o 
-I.\RTE\_Target_1 -ID:\ProgramFiles\Armv52\ARM\CMSIS\5.5.1\CMSIS\Core\Include -
ID:\ProgramFiles\Armv52\ARM\CMSIS\5.5.1\Device\ARM\ARMCM3\Include --predefine="
__EVAL SETA 1" --predefine="__UVISION_VERSION SETA 528" --predefine="_RTE_ SETA
 1" --predefine="ARMCM3 SETA 1" --list=.\listings\rd_bv_config_bumper.lst RD_BV
_CONFIG_BUMPER.s



ARM Macro Assembler    Page 1 Alphabetic symbol ordering
Relocatable symbols

_CONFIG_BUMPER_ 00000000

Symbol: _CONFIG_BUMPER_
   Definitions
      At line 23 in file RD_BV_CONFIG_BUMPER.s
   Uses
      None
Comment: _CONFIG_BUMPER_ unused
__CONFIG_BUMPER 00000000

Symbol: __CONFIG_BUMPER
   Definitions
      At line 31 in file RD_BV_CONFIG_BUMPER.s
   Uses
      At line 26 in file RD_BV_CONFIG_BUMPER.s
Comment: __CONFIG_BUMPER used once
__READ_STATE_BUMPER_1 00000024

Symbol: __READ_STATE_BUMPER_1
   Definitions
      At line 59 in file RD_BV_CONFIG_BUMPER.s
   Uses
      At line 27 in file RD_BV_CONFIG_BUMPER.s
Comment: __READ_STATE_BUMPER_1 used once
__READ_STATE_BUMPER_2 00000038

Symbol: __READ_STATE_BUMPER_2
   Definitions
      At line 67 in file RD_BV_CONFIG_BUMPER.s
   Uses
      At line 28 in file RD_BV_CONFIG_BUMPER.s
Comment: __READ_STATE_BUMPER_2 used once
4 symbols



ARM Macro Assembler    Page 1 Alphabetic symbol ordering
Absolute symbols

BROCHE_E_0 00000001

Symbol: BROCHE_E_0
   Definitions
      At line 18 in file RD_BV_CONFIG_BUMPER.s
   Uses
      At line 69 in file RD_BV_CONFIG_BUMPER.s
Comment: BROCHE_E_0 used once
BROCHE_E_0_1 00000003

Symbol: BROCHE_E_0_1
   Definitions
      At line 20 in file RD_BV_CONFIG_BUMPER.s
   Uses
      At line 45 in file RD_BV_CONFIG_BUMPER.s
      At line 50 in file RD_BV_CONFIG_BUMPER.s

BROCHE_E_1 00000002

Symbol: BROCHE_E_1
   Definitions
      At line 16 in file RD_BV_CONFIG_BUMPER.s
   Uses
      At line 61 in file RD_BV_CONFIG_BUMPER.s
Comment: BROCHE_E_1 used once
GPIO_I_PUR 00000510

Symbol: GPIO_I_PUR
   Definitions
      At line 11 in file RD_BV_CONFIG_BUMPER.s
   Uses
      At line 44 in file RD_BV_CONFIG_BUMPER.s
Comment: GPIO_I_PUR used once
GPIO_O_DEN 0000051C

Symbol: GPIO_O_DEN
   Definitions
      At line 8 in file RD_BV_CONFIG_BUMPER.s
   Uses
      At line 48 in file RD_BV_CONFIG_BUMPER.s
Comment: GPIO_O_DEN used once
GPIO_PORT_E_BASE 40024000

Symbol: GPIO_PORT_E_BASE
   Definitions
      At line 14 in file RD_BV_CONFIG_BUMPER.s
   Uses
      At line 44 in file RD_BV_CONFIG_BUMPER.s
      At line 48 in file RD_BV_CONFIG_BUMPER.s
      At line 61 in file RD_BV_CONFIG_BUMPER.s
      At line 69 in file RD_BV_CONFIG_BUMPER.s

SYSCTL_PERIPH_GPIO 400FE108

Symbol: SYSCTL_PERIPH_GPIO
   Definitions
      At line 5 in file RD_BV_CONFIG_BUMPER.s
   Uses
      At line 34 in file RD_BV_CONFIG_BUMPER.s



ARM Macro Assembler    Page 2 Alphabetic symbol ordering
Absolute symbols

Comment: SYSCTL_PERIPH_GPIO used once
7 symbols
347 symbols in table
