


ARM Macro Assembler    Page 1 


    1 00000000         ;; RD BV - Evalbot (Cortex M3 de Texas Instrument);
    2 00000000         ;; Program to manage config of the LED
    3 00000000         
    4 00000000         ; This register controls the clock gating logic in norma
                       l Run mode
    5 00000000 400FE108 
                       SYSCTL_PERIPH_GPIO
                               EQU              0x400FE108  ; SYSCTL_RCGC2_R (p
                                                            291 datasheet in lm
                                                            3s9b92.pdf)
    6 00000000         
    7 00000000         ; The GPIODATA register is the data register
    8 00000000 40025000 
                       GPIO_PORT_F_BASE
                               EQU              0x40025000  ; GPIO Port F (APB)
                                                             base: 0x4002.5000 
                                                            (p416 datasheet in 
                                                            lm3s9B92.pdf)
    9 00000000         
   10 00000000         ; Configure the corresponding pin to be an output
   11 00000000 00000400 
                       GPIO_O_DIR
                               EQU              0x00000400  ; GPIO Direction (p
                                                            417 datasheet in lm
                                                            3s9B92.pdf)
   12 00000000         
   13 00000000         ; The GPIODR2R register is the 2-mA drive control regist
                       er
   14 00000000         ; By default, all GPIO pins have 2-mA drive.
   15 00000000 00000500 
                       GPIO_O_DR2R
                               EQU              0x00000500  ; GPIO 2-mA Drive S
                                                            elect (p428 datashe
                                                            et in lm3s9B92.pdf)
                                                            
   16 00000000         
   17 00000000         ; Digital enable register
   18 00000000         ; To use the pin as a digital input or output, the corre
                       sponding GPIODEN bit must be set.
   19 00000000 0000051C 
                       GPIO_O_DEN
                               EQU              0x0000051C  ; GPIO Digital Enab
                                                            le (p437 datasheet 
                                                            in lm3s9B92.pdf)
   20 00000000         
   21 00000000         ; Broches select
   22 00000000 00000010 
                       BROCHE_F_4
                               EQU              0x10        ; led1 on broche 4
   23 00000000         
   24 00000000 00000020 
                       BROCHE_F_5
                               EQU              0x20        ; led2 on broche  5
                                                            
   25 00000000         
   26 00000000 00000030 
                       BROCHE_F_4_5
                               EQU              0x30        ; led1 & led2 on br
                                                            oche 4 & 5



ARM Macro Assembler    Page 2 


   27 00000000         
   28 00000000 000000EF 
                       SHUTDOWN_MASK_LED_1
                               EQU              0xEF        ;Mask to shutdown L
                                                            ED 1 (0b11101111)
   29 00000000         
   30 00000000 000000DF 
                       SHUTDOWN_MASK_LED_2
                               EQU              0xDF        ;Mask to shutdown L
                                                            ED 2 (0b11011111)
   31 00000000         
   32 00000000 000000CF 
                       SHUTDOWN_MASK_LED_1_2
                               EQU              0xCF        ;Mask to shutdown L
                                                            ED 2 (0b11001111)
   33 00000000         
   34 00000000                 AREA             _CONFIG_LED_, CODE, READONLY
   35 00000000                 ENTRY
   36 00000000         
   37 00000000                 EXPORT           __CONFIG_LED
   38 00000000                 EXPORT           __SWITCH_ON_LED_1
   39 00000000                 EXPORT           __SWITCH_ON_LED_2
   40 00000000                 EXPORT           __SWITCH_ON_LED_1_2
   41 00000000                 EXPORT           __SWITCH_OFF_LED_1
   42 00000000                 EXPORT           __SWITCH_OFF_LED_2
   43 00000000                 EXPORT           __SWITCH_OFF_LED_1_2
   44 00000000                 EXPORT           __BLINK_LED_1_2
   45 00000000         
   46 00000000                 IMPORT           __WAIT
   47 00000000         
   48 00000000         ;----------------------------------------START LED CONFI
                       GURATION------------------------------------------------
                       ;
   49 00000000         ;;;
   50 00000000         ;;Config the clock and GPIO for the LED
   51 00000000         ;;;
   52 00000000         __CONFIG_LED
   53 00000000         ;; Enable the Port F peripheral clock   (p291 datasheet 
                       in lm3s9B96.pdf)
   54 00000000 4E2D            LDR              R6, = SYSCTL_PERIPH_GPIO 
                                                            ;; RCGC2
   55 00000002 6830            LDR              R0, [R6]
   56 00000004 F040 0020       ORR              R0, R0, #0x00000020 ;; Enable c
                                                            lock on GPIO F (0x2
                                                            0 == 0b0010 0000) w
                                                            here LED were conne
                                                            cted on (0x30 == 0b
                                                            0011 0000)
   57 00000008         ;;                   (GPIO::HGFE DCBA)
   58 00000008 6030            STR              R0, [R6]
   59 0000000A         
   60 0000000A         ;; "There must be a delay of 3 system clocks before any 
                       GPIO reg. access  (p413 datasheet de lm3s9B92.pdf)
   61 0000000A BF00            NOP
   62 0000000C BF00            NOP
   63 0000000E BF00            NOP
   64 00000010         
   65 00000010 4E2A            LDR              R6, = GPIO_PORT_F_BASE+GPIO_O_D
IR 



ARM Macro Assembler    Page 3 


                                                            ;; 2 Output Pins of
                                                             F port (broche 4 a
                                                            nd 5 : 00110000)
   66 00000012 F04F 0030       LDR              R0, = BROCHE_F_4_5
   67 00000016 6030            STR              R0, [R6]
   68 00000018         
   69 00000018 4E29            LDR              R6, = GPIO_PORT_F_BASE+GPIO_O_D
EN 
                                                            ;; Enable Digital F
                                                            unction
   70 0000001A F04F 0030       LDR              R0, = BROCHE_F_4_5
   71 0000001E 6030            STR              R0, [R6]
   72 00000020         
   73 00000020 4E28            LDR              R6, = GPIO_PORT_F_BASE+GPIO_O_D
R2R 
                                                            ;; Choose output in
                                                            tensity (2mA)
   74 00000022 F04F 0030       LDR              R0, = BROCHE_F_4_5
   75 00000026 6030            STR              R0, [R6]
   76 00000028         
   77 00000028 4770            BX               LR
   78 0000002A         ;----------------------------------------END LED CONFIGU
                       RATION------------------------------------------------;
   79 0000002A         
   80 0000002A         ;----------------------------------------START LED REGIS
                       TER CONFIGURATION---------------------------------------
                       ---------;
   81 0000002A         ;;;
   82 0000002A         ;;Config the LED register by loading @data Register in R
                       4
   83 0000002A         ;;;
   84 0000002A         __CONFIG_LED_REGISTER
   85 0000002A 4C27            LDR              R4, = GPIO_PORT_F_BASE + (BROCH
E_F_4_5<<2) 
                                                            ;; @data Register =
                                                             @base + (mask<<2) 
                                                            ==> LED1
   86 0000002C 4770            BX               LR
   87 0000002E         ;----------------------------------------END LED REGISTE
                       R CONFIGURATION-----------------------------------------
                       -------;
   88 0000002E         
   89 0000002E         
   90 0000002E         ;----------------------------------------SET VALUE OF R4
                        REGISTER WHERE LED WAS CONFIGURED WITH AND OPERATOR----
                       --------------------------------------------;
   91 0000002E         ;;;
   92 0000002E         ;;Config the LED register by loading @data Register in R
                       4 with AND operator
   93 0000002E         ;;;
   94 0000002E         __SET_VAL_DATA_REGISTER_AND
   95 0000002E B514            PUSH             {R2, R4, LR}
   96 00000030         
   97 00000030 F7FF FFFB       BL               __CONFIG_LED_REGISTER
   98 00000034 EA02 0204       AND              R2, R4
   99 00000038 F000 F809       BL               __SET_VAL_DATA_REGISTER
  100 0000003C         
  101 0000003C BD14            POP              {R2, R4, PC}
  102 0000003E         



ARM Macro Assembler    Page 4 


  103 0000003E         ;----------------------------------------SET VALUE OF R4
                        REGISTER WHERE LED WAS CONFIGURED WITH ORR OPERATOR----
                       --------------------------------------------;
  104 0000003E         ;;;
  105 0000003E         ;;Config the LED register by loading @data Register in R
                       4 with OR operator
  106 0000003E         ;;;
  107 0000003E         __SET_VAL_DATA_REGISTER_ORR
  108 0000003E B514            PUSH             {R2, R4, LR}
  109 00000040 F7FF FFF3       BL               __CONFIG_LED_REGISTER
  110 00000044 EA42 0204       ORR              R2, R4
  111 00000048 F000 F801       BL               __SET_VAL_DATA_REGISTER
  112 0000004C         
  113 0000004C BD14            POP              {R2, R4, PC}
  114 0000004E         
  115 0000004E         ;----------------------------------SET VALUE OF R4 REGIS
                       TER WHERE LED WAS CONFIGURED---------------------;
  116 0000004E         ;;;
  117 0000004E         ;;Config the LED register by loading @data Register in R
                       4
  118 0000004E         ;;;
  119 0000004E         __SET_VAL_DATA_REGISTER
  120 0000004E 6022            STR              R2, [R4]    ;LOAD value of R2, 
                                                            in R4 the register 
                                                            of the MED
  121 00000050 4770            BX               LR
  122 00000052         
  123 00000052         ;----------------------------------------SWITCH ON LED 1
                       -------------------------------------------------;
  124 00000052         __SWITCH_ON_LED_1
  125 00000052 B514            PUSH             {R2, R4, LR}
  126 00000054 F04F 0210       MOV              R2, #BROCHE_F_4 ;; SWITCH ON LE
                                                            D portF broche 4 : 
                                                            0b00010000
  127 00000058 F7FF FFF1       BL               __SET_VAL_DATA_REGISTER_ORR
  128 0000005C BD14            POP              {R2, R4, PC}
  129 0000005E         
  130 0000005E         ;----------------------------------------SWITCH ON LED 2
                       -------------------------------------------------;
  131 0000005E         __SWITCH_ON_LED_2
  132 0000005E B514            PUSH             {R2, R4, LR}
  133 00000060 F04F 0220       MOV              R2, #BROCHE_F_5 ;; SWITCH ON po
                                                            rtF broche 5 : 0b00
                                                            100000
  134 00000064 F7FF FFEB       BL               __SET_VAL_DATA_REGISTER_ORR
  135 00000068 BD14            POP              {R2, R4, PC}
  136 0000006A         
  137 0000006A         ;----------------------------------------SWITCH ON LED 1
                        & 2---------------------------------------------;
  138 0000006A         __SWITCH_ON_LED_1_2
  139 0000006A B514            PUSH             {R2, R4, LR}
  140 0000006C F04F 0230       MOV              R2, #BROCHE_F_4_5 ;; SWITCH ON 
                                                            portF broche 4 & 5 
                                                            : 0b00110000
  141 00000070 F7FF FFE5       BL               __SET_VAL_DATA_REGISTER_ORR
  142 00000074 BD14            POP              {R2, R4, PC}
  143 00000076         
  144 00000076         ;----------------------------------------SWITCH OFF LED 
                       1------------------------------------------------;



ARM Macro Assembler    Page 5 


  145 00000076         __SWITCH_OFF_LED_1
  146 00000076 B514            PUSH             {R2, R4, LR}
  147 00000078 F04F 02EF       MOV              R2, #SHUTDOWN_MASK_LED_1 ;; SWI
                                                            TCH OFF LED portF b
                                                            roche 4 : 0b0001000
                                                            0
  148 0000007C F7FF FFD7       BL               __SET_VAL_DATA_REGISTER_AND
  149 00000080 BD14            POP              {R2, R4, PC}
  150 00000082         
  151 00000082         ;----------------------------------------SWITCH OFF LED 
                       2------------------------------------------------;
  152 00000082         __SWITCH_OFF_LED_2
  153 00000082 B514            PUSH             {R2, R4, LR}
  154 00000084 F04F 02DF       MOV              R2, #SHUTDOWN_MASK_LED_2 ;; SWI
                                                            TCH OFF LED portF b
                                                            roche 5 : 0b0010000
                                                            0
  155 00000088 F7FF FFD1       BL               __SET_VAL_DATA_REGISTER_AND
  156 0000008C BD14            POP              {R2, R4, PC}
  157 0000008E         
  158 0000008E         ;----------------------------------------SWITCH OFF LED 
                       1 & é--------------------------------------------;
  159 0000008E         __SWITCH_OFF_LED_1_2
  160 0000008E B514            PUSH             {R2, R4, LR}
  161 00000090 F04F 02CF       MOV              R2, #SHUTDOWN_MASK_LED_1_2 ;; S
                                                            WITCH OFF LED portF
                                                             broche 4 & 5 : 0b0
                                                            0110000
  162 00000094 F7FF FFCB       BL               __SET_VAL_DATA_REGISTER_AND
  163 00000098 BD14            POP              {R2, R4, PC}
  164 0000009A         
  165 0000009A         
  166 0000009A         ;----------------------------------------BLINK LED 1 & 2
                       -------------------------------------------------;
  167 0000009A         __BLINK_LED_1_2
  168 0000009A         ;SWITCH ON OFF LED - WAIT - SWITCH ON LED - WAIT - SWITC
                       H OFF LED
  169 0000009A B516            PUSH             {R1, R2, R4, LR}
  170 0000009C F7FF FFFE       BL               __WAIT
  171 000000A0 F7FF FFFE       BL               __SWITCH_ON_LED_1_2
  172 000000A4 F7FF FFFE       BL               __WAIT
  173 000000A8 F7FF FFFE       BL               __WAIT
  174 000000AC F7FF FFFE       BL               __SWITCH_OFF_LED_1_2
  175 000000B0 F7FF FFFE       BL               __WAIT
  176 000000B4 BD16            POP              {R1, R2, R4, PC}
  177 000000B6         
  178 000000B6                 END
              00 00 400FE108 
              40025400 
              4002551C 
              40025500 
              400250C0 
Command Line: --debug --xref --diag_suppress=9931 --cpu=Cortex-M3 --apcs=interw
ork --depend=.\objects\rd_bv_config_led.d -o.\objects\rd_bv_config_led.o -I.\RT
E\_Target_1 -ID:\ProgramFiles\Armv52\ARM\CMSIS\5.5.1\CMSIS\Core\Include -ID:\Pr
ogramFiles\Armv52\ARM\CMSIS\5.5.1\Device\ARM\ARMCM3\Include --predefine="__EVAL
 SETA 1" --predefine="__UVISION_VERSION SETA 528" --predefine="_RTE_ SETA 1" --
predefine="ARMCM3 SETA 1" --list=.\listings\rd_bv_config_led.lst RD_BV_CONFIG_L
ED.s



ARM Macro Assembler    Page 1 Alphabetic symbol ordering
Relocatable symbols

_CONFIG_LED_ 00000000

Symbol: _CONFIG_LED_
   Definitions
      At line 34 in file RD_BV_CONFIG_LED.s
   Uses
      None
Comment: _CONFIG_LED_ unused
__BLINK_LED_1_2 0000009A

Symbol: __BLINK_LED_1_2
   Definitions
      At line 167 in file RD_BV_CONFIG_LED.s
   Uses
      At line 44 in file RD_BV_CONFIG_LED.s
Comment: __BLINK_LED_1_2 used once
__CONFIG_LED 00000000

Symbol: __CONFIG_LED
   Definitions
      At line 52 in file RD_BV_CONFIG_LED.s
   Uses
      At line 37 in file RD_BV_CONFIG_LED.s
Comment: __CONFIG_LED used once
__CONFIG_LED_REGISTER 0000002A

Symbol: __CONFIG_LED_REGISTER
   Definitions
      At line 84 in file RD_BV_CONFIG_LED.s
   Uses
      At line 97 in file RD_BV_CONFIG_LED.s
      At line 109 in file RD_BV_CONFIG_LED.s

__SET_VAL_DATA_REGISTER 0000004E

Symbol: __SET_VAL_DATA_REGISTER
   Definitions
      At line 119 in file RD_BV_CONFIG_LED.s
   Uses
      At line 99 in file RD_BV_CONFIG_LED.s
      At line 111 in file RD_BV_CONFIG_LED.s

__SET_VAL_DATA_REGISTER_AND 0000002E

Symbol: __SET_VAL_DATA_REGISTER_AND
   Definitions
      At line 94 in file RD_BV_CONFIG_LED.s
   Uses
      At line 148 in file RD_BV_CONFIG_LED.s
      At line 155 in file RD_BV_CONFIG_LED.s
      At line 162 in file RD_BV_CONFIG_LED.s

__SET_VAL_DATA_REGISTER_ORR 0000003E

Symbol: __SET_VAL_DATA_REGISTER_ORR
   Definitions
      At line 107 in file RD_BV_CONFIG_LED.s
   Uses
      At line 127 in file RD_BV_CONFIG_LED.s



ARM Macro Assembler    Page 2 Alphabetic symbol ordering
Relocatable symbols

      At line 134 in file RD_BV_CONFIG_LED.s
      At line 141 in file RD_BV_CONFIG_LED.s

__SWITCH_OFF_LED_1 00000076

Symbol: __SWITCH_OFF_LED_1
   Definitions
      At line 145 in file RD_BV_CONFIG_LED.s
   Uses
      At line 41 in file RD_BV_CONFIG_LED.s
Comment: __SWITCH_OFF_LED_1 used once
__SWITCH_OFF_LED_1_2 0000008E

Symbol: __SWITCH_OFF_LED_1_2
   Definitions
      At line 159 in file RD_BV_CONFIG_LED.s
   Uses
      At line 43 in file RD_BV_CONFIG_LED.s
      At line 174 in file RD_BV_CONFIG_LED.s

__SWITCH_OFF_LED_2 00000082

Symbol: __SWITCH_OFF_LED_2
   Definitions
      At line 152 in file RD_BV_CONFIG_LED.s
   Uses
      At line 42 in file RD_BV_CONFIG_LED.s
Comment: __SWITCH_OFF_LED_2 used once
__SWITCH_ON_LED_1 00000052

Symbol: __SWITCH_ON_LED_1
   Definitions
      At line 124 in file RD_BV_CONFIG_LED.s
   Uses
      At line 38 in file RD_BV_CONFIG_LED.s
Comment: __SWITCH_ON_LED_1 used once
__SWITCH_ON_LED_1_2 0000006A

Symbol: __SWITCH_ON_LED_1_2
   Definitions
      At line 138 in file RD_BV_CONFIG_LED.s
   Uses
      At line 40 in file RD_BV_CONFIG_LED.s
      At line 171 in file RD_BV_CONFIG_LED.s

__SWITCH_ON_LED_2 0000005E

Symbol: __SWITCH_ON_LED_2
   Definitions
      At line 131 in file RD_BV_CONFIG_LED.s
   Uses
      At line 39 in file RD_BV_CONFIG_LED.s
Comment: __SWITCH_ON_LED_2 used once
13 symbols



ARM Macro Assembler    Page 1 Alphabetic symbol ordering
Absolute symbols

BROCHE_F_4 00000010

Symbol: BROCHE_F_4
   Definitions
      At line 22 in file RD_BV_CONFIG_LED.s
   Uses
      At line 126 in file RD_BV_CONFIG_LED.s
Comment: BROCHE_F_4 used once
BROCHE_F_4_5 00000030

Symbol: BROCHE_F_4_5
   Definitions
      At line 26 in file RD_BV_CONFIG_LED.s
   Uses
      At line 66 in file RD_BV_CONFIG_LED.s
      At line 70 in file RD_BV_CONFIG_LED.s
      At line 74 in file RD_BV_CONFIG_LED.s
      At line 85 in file RD_BV_CONFIG_LED.s
      At line 140 in file RD_BV_CONFIG_LED.s

BROCHE_F_5 00000020

Symbol: BROCHE_F_5
   Definitions
      At line 24 in file RD_BV_CONFIG_LED.s
   Uses
      At line 133 in file RD_BV_CONFIG_LED.s
Comment: BROCHE_F_5 used once
GPIO_O_DEN 0000051C

Symbol: GPIO_O_DEN
   Definitions
      At line 19 in file RD_BV_CONFIG_LED.s
   Uses
      At line 69 in file RD_BV_CONFIG_LED.s
Comment: GPIO_O_DEN used once
GPIO_O_DIR 00000400

Symbol: GPIO_O_DIR
   Definitions
      At line 11 in file RD_BV_CONFIG_LED.s
   Uses
      At line 65 in file RD_BV_CONFIG_LED.s
Comment: GPIO_O_DIR used once
GPIO_O_DR2R 00000500

Symbol: GPIO_O_DR2R
   Definitions
      At line 15 in file RD_BV_CONFIG_LED.s
   Uses
      At line 73 in file RD_BV_CONFIG_LED.s
Comment: GPIO_O_DR2R used once
GPIO_PORT_F_BASE 40025000

Symbol: GPIO_PORT_F_BASE
   Definitions
      At line 8 in file RD_BV_CONFIG_LED.s
   Uses
      At line 65 in file RD_BV_CONFIG_LED.s



ARM Macro Assembler    Page 2 Alphabetic symbol ordering
Absolute symbols

      At line 69 in file RD_BV_CONFIG_LED.s
      At line 73 in file RD_BV_CONFIG_LED.s
      At line 85 in file RD_BV_CONFIG_LED.s

SHUTDOWN_MASK_LED_1 000000EF

Symbol: SHUTDOWN_MASK_LED_1
   Definitions
      At line 28 in file RD_BV_CONFIG_LED.s
   Uses
      At line 147 in file RD_BV_CONFIG_LED.s
Comment: SHUTDOWN_MASK_LED_1 used once
SHUTDOWN_MASK_LED_1_2 000000CF

Symbol: SHUTDOWN_MASK_LED_1_2
   Definitions
      At line 32 in file RD_BV_CONFIG_LED.s
   Uses
      At line 161 in file RD_BV_CONFIG_LED.s
Comment: SHUTDOWN_MASK_LED_1_2 used once
SHUTDOWN_MASK_LED_2 000000DF

Symbol: SHUTDOWN_MASK_LED_2
   Definitions
      At line 30 in file RD_BV_CONFIG_LED.s
   Uses
      At line 154 in file RD_BV_CONFIG_LED.s
Comment: SHUTDOWN_MASK_LED_2 used once
SYSCTL_PERIPH_GPIO 400FE108

Symbol: SYSCTL_PERIPH_GPIO
   Definitions
      At line 5 in file RD_BV_CONFIG_LED.s
   Uses
      At line 54 in file RD_BV_CONFIG_LED.s
Comment: SYSCTL_PERIPH_GPIO used once
11 symbols



ARM Macro Assembler    Page 1 Alphabetic symbol ordering
External symbols

__WAIT 00000000

Symbol: __WAIT
   Definitions
      At line 46 in file RD_BV_CONFIG_LED.s
   Uses
      At line 170 in file RD_BV_CONFIG_LED.s
      At line 172 in file RD_BV_CONFIG_LED.s
      At line 173 in file RD_BV_CONFIG_LED.s
      At line 175 in file RD_BV_CONFIG_LED.s

1 symbol
361 symbols in table
